<?xml version="1.0" encoding="UTF-8"?>
<!-- Generated by org.testng.reporters.JUnitReportReporter -->
<testsuite hostname="NB-UZIE-7" name="test.java.emptyDPTest" tests="3" failures="0" timestamp="5 Jan 2015 18:30:54 GMT" time="0.007" errors="0">
  <testcase name="testDevices" time="0.002" classname="test.java.emptyDPTest"/>
  <testcase name="testDevices" time="0.001" classname="test.java.emptyDPTest"/>
  <testcase name="testDevices" time="0.004" classname="test.java.emptyDPTest"/>
</testsuite> <!-- test.java.emptyDPTest -->
