<?xml version="1.0" encoding="UTF-8"?>
<!-- Generated by org.testng.reporters.JUnitReportReporter -->
<testsuite hostname="NB-UZIE-7" name="test.java.EmptyTest" tests="1" failures="0" timestamp="5 Jan 2015 18:30:54 GMT" time="0.001" errors="0">
  <testcase name="f" time="0.001" classname="test.java.EmptyTest"/>
</testsuite> <!-- test.java.EmptyTest -->
